<?xml version="1.0" encoding="UTF-8"?>
<!-- Generated by org.testng.reporters.JUnitReportReporter -->
<testsuite hostname="Vaibhav" failures="0" tests="1" name="libil.Test.ReportGenerationTest" time="51.640" errors="0" timestamp="2024-01-12T12:00:23 IST" skipped="0">
  <testcase classname="libil.Test.ReportGenerationTest" name="verifyReportDisplay" time="51.640"/>
</testsuite> <!-- libil.Test.ReportGenerationTest -->
