<?xml version="1.0" encoding="UTF-8"?>
<!-- Generated by org.testng.reporters.JUnitReportReporter -->
<testsuite hostname="SAURABH" failures="0" tests="1" name="libil.Test.TC22VerifyReportGeneration" time="63.364" errors="0" timestamp="2023-12-05T13:41:24 IST" skipped="0">
  <testcase classname="libil.Test.TC22VerifyReportGeneration" name="reportGeneration" time="63.364"/>
  <system-out/>
</testsuite> <!-- libil.Test.TC22VerifyReportGeneration -->
