<?xml version="1.0" encoding="UTF-8"?>
<!-- Generated by org.testng.reporters.JUnitReportReporter -->
<testsuite hostname="SAURABH" failures="0" tests="1" name="libil.Test.TC20SearchTabDashboard" time="38.878" errors="0" timestamp="2023-12-22T16:02:24 IST" skipped="0">
  <testcase classname="libil.Test.TC20SearchTabDashboard" name="searchTab" time="38.878"/>
  <system-out/>
</testsuite> <!-- libil.Test.TC20SearchTabDashboard -->
