<?xml version="1.0" encoding="UTF-8"?>
<!-- Generated by org.testng.reporters.JUnitReportReporter -->
<testsuite hostname="Vaibhav" failures="0" tests="1" name="libil.Test.AddCompanyTest" time="24.538" errors="0" timestamp="2024-01-12T12:00:23 IST" skipped="0">
  <testcase classname="libil.Test.AddCompanyTest" name="verifyAddCompany" time="24.538"/>
</testsuite> <!-- libil.Test.AddCompanyTest -->
